too many sidechain atoms in residue  PHE  350 B
 !!! POLYPEPTIDE CHAIN INTERRUPTED !!!
17.0878  49.0811
 49.0811 49.0811 49.0811 49.0811 49.0811 49.0811
Aromate in Helices bei: 
-18 : 0 ; 0
-17 : 0 ; 0
-16 : 0 ; 0
-15 : 0 ; 0
-14 : 0 ; 0
-13 : 0 ; 0
-12 : 0 ; 0
-11 : 0 ; 0
-10 : 0 ; 0
-9 : 0 ; 0
-8 : 0 ; 0
-7 : 0 ; 1
-6 : 0 ; 2
-5 : 1 ; 2
-4 : 1 ; 3
-3 : 0 ; 5
-2 : 1 ; 4
-1 : 2 ; 3
0 : 0 ; 5
1 : 0 ; 5
2 : 2 ; 3
3 : 1 ; 4
4 : 0 ; 5
5 : 1 ; 4
6 : 1 ; 5
7 : 1 ; 5
8 : 2 ; 5
9 : 0 ; 4
10 : 1 ; 3
11 : 0 ; 2
12 : 0 ; 4
13 : 1 ; 5
14 : 2 ; 5
15 : 2 ; 7
16 : 0 ; 6
17 : 2 ; 4
18 : 0 ; 2
19 : 0 ; 6
20 : 0 ; 4
21 : 4 ; 5
22 : 0 ; 6
23 : 1 ; 7
24 : 1 ; 7
25 : 1 ; 10
26 : 4 ; 9
27 : 3 ; 9
28 : 0 ; 9
29 : 1 ; 6
30 : 1 ; 3
31 : 1 ; 5
32 : 0 ; 7
33 : 2 ; 8
34 : 3 ; 8
35 : 2 ; 9
36 : 1 ; 10
37 : 1 ; 9
38 : 3 ; 8
39 : 2 ; 8
40 : 1 ; 8
41 : 1 ; 7
42 : 1 ; 7
43 : 2 ; 6
44 : 2 ; 6
45 : 0 ; 6
46 : 1 ; 4
47 : 1 ; 2
48 : 0 ; 2
49 : 0 ; 1
50 : 0 ; 0
51 : 0 ; 0
52 : 0 ; 0
53 : 0 ; 0
54 : 0 ; 0
55 : 0 ; 0
56 : 0 ; 0
57 : 0 ; 0
58 : 0 ; 0
Connolly 1      :                 3270
ConnollyMembran :                 5688
Entfernen       :                   45
insgesamt       :                 9003
