
	HBexplore

Exploration of potential hydrogen bonds in
biological macromolecules			v 2.2
Copyright © 1997 - 2007 K. Lindauer, C. Bendic, M. Meyer, F. Haubensak, F.- Th. Koch, J. Suehnel. All Rights Reserved.
Bug fixes by F. Haubensak, F.-Th. Koch

	Jan 08 13:15:14 CET 2010

___________________________________________________________________________

set 1:
	1. distance DA < distance DAmax                        (3.9A)
	2. distance HA < distance HAmax                        (2.5A)
	3. angle  DHA > angle DHAmin                           (90deg)
	4. angle HAA1 or angle HAA2 > angle HAA1min or HAA2min (90deg)
	5. angle DAA1 or angle DAA2 > angle DAA1min or DAA2min (90deg)

set 2:
	1. distance DA < distance DAmax                        (3.9A)
	2. distance HA < distance HAmax                        (2.5A)
	3. angle  DHA > angle DHAmin                           (90deg)
	3. angle  HAhyb < angle HAhybmax                       (60deg)

	  H  --  hydrogen atom
	  D  --  donor atom
	  A  --  acceptor atom
	  A1, A2  --  bonded neighbour(s) of A
	  hyb -- vector of the hybrid orbital (sp2 or sp3)
___________________________________________________________________________



 Enter name of input file or press <enter> to end: 
 Name of data-file is : /Users/alexrose/Documents/uni/master/python-packages/MembraneProteinPackage/test_data/3dqb.pdb

 Enter directory name for output files (default current directory): 
 Should the program use the default parameters ? (Y/N)  NEW PARAMETER SET 

 Input of the distance DAmax:  
 Input of the distance HAmax:  
 Input of the angle DHAmin:  
 Input of the angle HAA1(2)min or DAA1(2)min:  
 Input of the angle HAhybmax:  

--------------------------------------------------------------
Analysis of water
	1 - water will be treated as potential donor/acceptor
	2 - water is not taken into account
	(default - 1)
	Enter selection:


--------------------------------------------------------------
Should the program use C--H as a donor atom?
	1 - yes,  the program will use C--H as a donor atom
	2 - no,   the program will not use C--H as a donor atom
	3 - only, the program will only use C--H as a donor atom
	default - no,  the program will not use C--H as a donor atom
	Enter selection:


--------------------------------------------------------------

 Number of atoms : 2866
*****************************************************************
*	Generate separate tables and distributions for 
*
*	 1 - Backbone(P/R) - Backbone(P/R)
*	 2 - Base - Base
*	 3 - Backbone(P/R) - Base
*	 4 - Backbone(P/R) - Sidechain
*	 5 - Sidechain - Sidechain
*	 6 - Sidechain - Base
*	 7 - Watson - Crick pairs
*	 8 - Base pairs from equal bases (e.g. A - A)
*	 9 - 7 and 8 (Watson - Crick & equal bases)
*	10 - Protein - Protein
*	11 - Nucleic acid - Nucleic acid
*	12 - Nucleic acid - Protein
*	13 - H-bonds with water
*	14 - All combinations 1-13
*	15 - Atoms and Sequence
*	16 - Protein secondary structure
*	 0 - Generate PDB-File
*	-1 - minimum output
*	default - no additional tables and distributions
*
*		(P - Protein, R - Nucleic acid)
*****************************************************************
	 Type number: 


Default connectivity-files:
Donor   	'/Users/alexrose/Documents/uni/master/hbx-2.2/hbexplore/connect/PROTEIN_LIGAND_connect_donor'
Acceptor	'/Users/alexrose/Documents/uni/master/hbx-2.2/hbexplore/connect/PROTEIN_LIGAND_connect_acceptor'


Additional connectivity-files?
No 		0
RNA		1
DNA		2
Enter selection

No additional connectivity-files
Warning ! Unrecognised modified base or HETATM ATRP  
Warning ! Unrecognised modified base or HETATM BTRP  
Warning ! Unrecognised modified base or HETATM  PRO  
Warning ! Unrecognised modified base or HETATM  NAG  
Warning ! Unrecognised modified base or HETATM  MAN  
Warning ! Unrecognised modified base or HETATM  BMA  
Warning ! Unrecognised modified base or HETATM  BOG  
Warning ! Unrecognised modified base or HETATM  PLM  


****************************************************************

***** Number of hydrogen bonds in - 3dqb.pdb - :     348 *****

***** Number of hydrogen bonds with water:           0 *****

***** Number of water-water hydrogen bonds:          0 *****

***** Number of disulfid bonds:                      2 *****

***** Number of residues:                          371 *****

****************************************************************



--------------------------------------------------------------
For the further analysis you have to choose the potential hydrogen bond dataset.
	1 - dataset identified by set 1 will be used
	2 - dataset identified by set 2 will be used
	3 - set 1 \cap set 2 (set 1 and set 2) will be used
	4 - set 1 \cup set 2 (set 1 or set 2) will be used
	default - dataset identified by set 1 will be used
	Enter selection:
	Output of PDB-file
Residue NAG not recognized in H-bond residue type interaction matrix
Residue NAG not recognized in H-bond residue type interaction matrix
Residue BMA not recognized in H-bond residue type interaction matrix
Residue MAN not recognized in H-bond residue type interaction matrix
Residue NAG not recognized in H-bond residue type interaction matrix
Residue NAG not recognized in H-bond residue type interaction matrix
Residue BOG not recognized in H-bond residue type interaction matrix
Residue BOG not recognized in H-bond residue type interaction matrix
Residue BOG not recognized in H-bond residue type interaction matrix
Residue PLM not recognized in H-bond residue type interaction matrix
Residue PLM not recognized in H-bond residue type interaction matrix

Search for specific H-bonds
	type: yes or no (y/n):

	HBexplore

Exploration of potential hydrogen bonds in
biological macromolecules			v 2.2
Copyright © 1997 - 2007 K. Lindauer, C. Bendic, M. Meyer, F. Haubensak, F.- Th. Koch, J. Suehnel. All Rights Reserved.
Bug fixes by F. Haubensak, F.-Th. Koch

	Jan 08 13:15:15 CET 2010

___________________________________________________________________________

set 1:
	1. distance DA < distance DAmax                        (3.9A)
	2. distance HA < distance HAmax                        (2.5A)
	3. angle  DHA > angle DHAmin                           (90deg)
	4. angle HAA1 or angle HAA2 > angle HAA1min or HAA2min (90deg)
	5. angle DAA1 or angle DAA2 > angle DAA1min or DAA2min (90deg)

set 2:
	1. distance DA < distance DAmax                        (3.9A)
	2. distance HA < distance HAmax                        (2.5A)
	3. angle  DHA > angle DHAmin                           (90deg)
	3. angle  HAhyb < angle HAhybmax                       (60deg)

	  H  --  hydrogen atom
	  D  --  donor atom
	  A  --  acceptor atom
	  A1, A2  --  bonded neighbour(s) of A
	  hyb -- vector of the hybrid orbital (sp2 or sp3)
___________________________________________________________________________



 Enter name of input file or press <enter> to end: 
 Name of data-file is : /Users/alexrose/Documents/uni/master/python-packages/MembraneProteinPackage/test_dataFailed to open file: /Users/alexrose/Documents/uni/master/python-packages/MembraneProteinPackage/test_dat in the 1 .th call of the subroutine

